{"/Users/Sanne/web-dev-2019/item-collector/api/api.js": {"path":"/Users/Sanne/web-dev-2019/item-collector/api/api.js","statementMap":{"0":{"start":{"line":3,"column":16},"end":{"line":3,"column":34}},"1":{"start":{"line":4,"column":15},"end":{"line":4,"column":32}},"2":{"start":{"line":5,"column":15},"end":{"line":5,"column":32}},"3":{"start":{"line":7,"column":17},"end":{"line":7,"column":50}},"4":{"start":{"line":8,"column":14},"end":{"line":8,"column":44}},"5":{"start":{"line":10,"column":12},"end":{"line":10,"column":21}},"6":{"start":{"line":11,"column":15},"end":{"line":11,"column":31}},"7":{"start":{"line":17,"column":0},"end":{"line":19,"column":1}},"8":{"start":{"line":18,"column":4},"end":{"line":18,"column":26}},"9":{"start":{"line":22,"column":0},"end":{"line":22,"column":23}},"10":{"start":{"line":24,"column":0},"end":{"line":24,"column":48}},"11":{"start":{"line":26,"column":0},"end":{"line":26,"column":17}},"12":{"start":{"line":29,"column":0},"end":{"line":33,"column":3}},"13":{"start":{"line":30,"column":4},"end":{"line":31,"column":50}},"14":{"start":{"line":31,"column":8},"end":{"line":31,"column":50}},"15":{"start":{"line":32,"column":4},"end":{"line":32,"column":11}},"16":{"start":{"line":39,"column":0},"end":{"line":42,"column":33}},"17":{"start":{"line":44,"column":0},"end":{"line":47,"column":29}},"18":{"start":{"line":49,"column":0},"end":{"line":49,"column":23}},"19":{"start":{"line":55,"column":0},"end":{"line":59,"column":2}},"20":{"start":{"line":56,"column":18},"end":{"line":56,"column":62}},"21":{"start":{"line":57,"column":4},"end":{"line":57,"column":22}},"22":{"start":{"line":58,"column":4},"end":{"line":58,"column":15}},"23":{"start":{"line":61,"column":0},"end":{"line":63,"column":1}},"24":{"start":{"line":62,"column":4},"end":{"line":62,"column":55}},"25":{"start":{"line":65,"column":0},"end":{"line":65,"column":20}}},"fnMap":{"0":{"name":"(anonymous_0)","decl":{"start":{"line":29,"column":19},"end":{"line":29,"column":20}},"loc":{"start":{"line":29,"column":43},"end":{"line":33,"column":1}},"line":29},"1":{"name":"(anonymous_1)","decl":{"start":{"line":55,"column":8},"end":{"line":55,"column":9}},"loc":{"start":{"line":55,"column":28},"end":{"line":59,"column":1}},"line":55},"2":{"name":"(anonymous_2)","decl":{"start":{"line":61,"column":8},"end":{"line":61,"column":9}},"loc":{"start":{"line":62,"column":4},"end":{"line":62,"column":55}},"line":62}},"branchMap":{"0":{"loc":{"start":{"line":17,"column":0},"end":{"line":19,"column":1}},"type":"if","locations":[{"start":{"line":17,"column":0},"end":{"line":19,"column":1}},{"start":{"line":17,"column":0},"end":{"line":19,"column":1}}],"line":17},"1":{"loc":{"start":{"line":30,"column":4},"end":{"line":31,"column":50}},"type":"if","locations":[{"start":{"line":30,"column":4},"end":{"line":31,"column":50}},{"start":{"line":30,"column":4},"end":{"line":31,"column":50}}],"line":30},"2":{"loc":{"start":{"line":62,"column":15},"end":{"line":62,"column":34}},"type":"binary-expr","locations":[{"start":{"line":62,"column":15},"end":{"line":62,"column":27}},{"start":{"line":62,"column":31},"end":{"line":62,"column":34}}],"line":62}},"s":{"0":1,"1":1,"2":1,"3":1,"4":1,"5":1,"6":1,"7":1,"8":0,"9":1,"10":1,"11":1,"12":1,"13":10,"14":2,"15":8,"16":1,"17":1,"18":1,"19":1,"20":1,"21":1,"22":1,"23":1,"24":1,"25":1},"f":{"0":10,"1":1,"2":1},"b":{"0":[0,1],"1":[2,8],"2":[1,0]},"_coverageSchema":"43e27e138ebf9cfc5966b082cf9a028302ed4184","hash":"f506a49c4824aa99a2e8b884c893c2f3bc35828c"}
,"/Users/Sanne/web-dev-2019/item-collector/api/controllers/items.js": {"path":"/Users/Sanne/web-dev-2019/item-collector/api/controllers/items.js","statementMap":{"0":{"start":{"line":1,"column":13},"end":{"line":1,"column":38}},"1":{"start":{"line":3,"column":16},"end":{"line":6,"column":1}},"2":{"start":{"line":10,"column":0},"end":{"line":15,"column":1}},"3":{"start":{"line":12,"column":4},"end":{"line":14,"column":40}},"4":{"start":{"line":14,"column":23},"end":{"line":14,"column":38}},"5":{"start":{"line":18,"column":0},"end":{"line":27,"column":1}},"6":{"start":{"line":20,"column":20},"end":{"line":22,"column":6}},"7":{"start":{"line":24,"column":4},"end":{"line":26,"column":37}},"8":{"start":{"line":25,"column":22},"end":{"line":25,"column":36}},"9":{"start":{"line":26,"column":24},"end":{"line":26,"column":35}},"10":{"start":{"line":30,"column":0},"end":{"line":39,"column":1}},"11":{"start":{"line":32,"column":4},"end":{"line":38,"column":10}},"12":{"start":{"line":34,"column":12},"end":{"line":36,"column":13}},"13":{"start":{"line":35,"column":16},"end":{"line":35,"column":56}},"14":{"start":{"line":37,"column":12},"end":{"line":37,"column":27}},"15":{"start":{"line":42,"column":0},"end":{"line":54,"column":1}},"16":{"start":{"line":44,"column":4},"end":{"line":53,"column":37}},"17":{"start":{"line":48,"column":12},"end":{"line":50,"column":13}},"18":{"start":{"line":49,"column":16},"end":{"line":49,"column":56}},"19":{"start":{"line":51,"column":12},"end":{"line":51,"column":27}},"20":{"start":{"line":53,"column":24},"end":{"line":53,"column":35}},"21":{"start":{"line":57,"column":0},"end":{"line":68,"column":1}},"22":{"start":{"line":59,"column":4},"end":{"line":67,"column":37}},"23":{"start":{"line":61,"column":12},"end":{"line":63,"column":13}},"24":{"start":{"line":62,"column":16},"end":{"line":62,"column":56}},"25":{"start":{"line":65,"column":12},"end":{"line":65,"column":39}},"26":{"start":{"line":67,"column":24},"end":{"line":67,"column":35}},"27":{"start":{"line":71,"column":0},"end":{"line":84,"column":1}},"28":{"start":{"line":73,"column":4},"end":{"line":83,"column":11}},"29":{"start":{"line":75,"column":12},"end":{"line":77,"column":13}},"30":{"start":{"line":76,"column":16},"end":{"line":76,"column":75}},"31":{"start":{"line":79,"column":12},"end":{"line":79,"column":36}},"32":{"start":{"line":82,"column":12},"end":{"line":82,"column":23}}},"fnMap":{"0":{"name":"(anonymous_0)","decl":{"start":{"line":10,"column":19},"end":{"line":10,"column":20}},"loc":{"start":{"line":10,"column":39},"end":{"line":15,"column":1}},"line":10},"1":{"name":"(anonymous_1)","decl":{"start":{"line":14,"column":14},"end":{"line":14,"column":15}},"loc":{"start":{"line":14,"column":23},"end":{"line":14,"column":38}},"line":14},"2":{"name":"(anonymous_2)","decl":{"start":{"line":18,"column":21},"end":{"line":18,"column":22}},"loc":{"start":{"line":18,"column":41},"end":{"line":27,"column":1}},"line":18},"3":{"name":"(anonymous_3)","decl":{"start":{"line":25,"column":14},"end":{"line":25,"column":15}},"loc":{"start":{"line":25,"column":22},"end":{"line":25,"column":36}},"line":25},"4":{"name":"(anonymous_4)","decl":{"start":{"line":26,"column":15},"end":{"line":26,"column":16}},"loc":{"start":{"line":26,"column":24},"end":{"line":26,"column":35}},"line":26},"5":{"name":"(anonymous_5)","decl":{"start":{"line":30,"column":18},"end":{"line":30,"column":19}},"loc":{"start":{"line":30,"column":38},"end":{"line":39,"column":1}},"line":30},"6":{"name":"(anonymous_6)","decl":{"start":{"line":33,"column":14},"end":{"line":33,"column":15}},"loc":{"start":{"line":33,"column":22},"end":{"line":38,"column":9}},"line":33},"7":{"name":"(anonymous_7)","decl":{"start":{"line":42,"column":21},"end":{"line":42,"column":22}},"loc":{"start":{"line":42,"column":41},"end":{"line":54,"column":1}},"line":42},"8":{"name":"(anonymous_8)","decl":{"start":{"line":47,"column":14},"end":{"line":47,"column":15}},"loc":{"start":{"line":47,"column":22},"end":{"line":52,"column":9}},"line":47},"9":{"name":"(anonymous_9)","decl":{"start":{"line":53,"column":15},"end":{"line":53,"column":16}},"loc":{"start":{"line":53,"column":24},"end":{"line":53,"column":35}},"line":53},"10":{"name":"(anonymous_10)","decl":{"start":{"line":57,"column":21},"end":{"line":57,"column":22}},"loc":{"start":{"line":57,"column":41},"end":{"line":68,"column":1}},"line":57},"11":{"name":"(anonymous_11)","decl":{"start":{"line":60,"column":14},"end":{"line":60,"column":15}},"loc":{"start":{"line":60,"column":22},"end":{"line":66,"column":9}},"line":60},"12":{"name":"(anonymous_12)","decl":{"start":{"line":67,"column":15},"end":{"line":67,"column":16}},"loc":{"start":{"line":67,"column":24},"end":{"line":67,"column":35}},"line":67},"13":{"name":"(anonymous_13)","decl":{"start":{"line":71,"column":25},"end":{"line":71,"column":26}},"loc":{"start":{"line":71,"column":45},"end":{"line":84,"column":1}},"line":71},"14":{"name":"(anonymous_14)","decl":{"start":{"line":74,"column":14},"end":{"line":74,"column":15}},"loc":{"start":{"line":74,"column":24},"end":{"line":80,"column":9}},"line":74},"15":{"name":"(anonymous_15)","decl":{"start":{"line":81,"column":15},"end":{"line":81,"column":16}},"loc":{"start":{"line":81,"column":24},"end":{"line":83,"column":9}},"line":81}},"branchMap":{"0":{"loc":{"start":{"line":34,"column":12},"end":{"line":36,"column":13}},"type":"if","locations":[{"start":{"line":34,"column":12},"end":{"line":36,"column":13}},{"start":{"line":34,"column":12},"end":{"line":36,"column":13}}],"line":34},"1":{"loc":{"start":{"line":48,"column":12},"end":{"line":50,"column":13}},"type":"if","locations":[{"start":{"line":48,"column":12},"end":{"line":50,"column":13}},{"start":{"line":48,"column":12},"end":{"line":50,"column":13}}],"line":48},"2":{"loc":{"start":{"line":61,"column":12},"end":{"line":63,"column":13}},"type":"if","locations":[{"start":{"line":61,"column":12},"end":{"line":63,"column":13}},{"start":{"line":61,"column":12},"end":{"line":63,"column":13}}],"line":61},"3":{"loc":{"start":{"line":75,"column":12},"end":{"line":77,"column":13}},"type":"if","locations":[{"start":{"line":75,"column":12},"end":{"line":77,"column":13}},{"start":{"line":75,"column":12},"end":{"line":77,"column":13}}],"line":75}},"s":{"0":1,"1":1,"2":1,"3":2,"4":2,"5":1,"6":11,"7":11,"8":11,"9":0,"10":1,"11":2,"12":2,"13":1,"14":1,"15":1,"16":2,"17":2,"18":1,"19":1,"20":0,"21":1,"22":2,"23":2,"24":1,"25":1,"26":0,"27":1,"28":2,"29":2,"30":0,"31":2,"32":0},"f":{"0":2,"1":2,"2":11,"3":11,"4":0,"5":2,"6":2,"7":2,"8":2,"9":0,"10":2,"11":2,"12":0,"13":2,"14":2,"15":0},"b":{"0":[1,1],"1":[1,1],"2":[1,1],"3":[0,2]},"_coverageSchema":"43e27e138ebf9cfc5966b082cf9a028302ed4184","hash":"550fa231376c81f61985afd08759983df31b6e99"}
,"/Users/Sanne/web-dev-2019/item-collector/api/controllers/validate.js": {"path":"/Users/Sanne/web-dev-2019/item-collector/api/controllers/validate.js","statementMap":{"0":{"start":{"line":1,"column":35},"end":{"line":1,"column":69}},"1":{"start":{"line":2,"column":25},"end":{"line":2,"column":60}},"2":{"start":{"line":4,"column":0},"end":{"line":10,"column":1}},"3":{"start":{"line":14,"column":19},"end":{"line":14,"column":40}},"4":{"start":{"line":16,"column":4},"end":{"line":18,"column":5}},"5":{"start":{"line":17,"column":8},"end":{"line":17,"column":63}},"6":{"start":{"line":20,"column":4},"end":{"line":20,"column":10}}},"fnMap":{"0":{"name":"validateResult","decl":{"start":{"line":12,"column":9},"end":{"line":12,"column":23}},"loc":{"start":{"line":12,"column":40},"end":{"line":21,"column":1}},"line":12}},"branchMap":{"0":{"loc":{"start":{"line":16,"column":4},"end":{"line":18,"column":5}},"type":"if","locations":[{"start":{"line":16,"column":4},"end":{"line":18,"column":5}},{"start":{"line":16,"column":4},"end":{"line":18,"column":5}}],"line":16}},"s":{"0":1,"1":1,"2":1,"3":18,"4":18,"5":5,"6":13},"f":{"0":18},"b":{"0":[5,13]},"_coverageSchema":"43e27e138ebf9cfc5966b082cf9a028302ed4184","hash":"c9a66823eb72a41a619a8b76b9e6319cfb90904d"}
,"/Users/Sanne/web-dev-2019/item-collector/api/models/Item.js": {"path":"/Users/Sanne/web-dev-2019/item-collector/api/models/Item.js","statementMap":{"0":{"start":{"line":1,"column":17},"end":{"line":1,"column":36}},"1":{"start":{"line":2,"column":15},"end":{"line":2,"column":30}},"2":{"start":{"line":4,"column":19},"end":{"line":14,"column":2}},"3":{"start":{"line":16,"column":13},"end":{"line":16,"column":47}},"4":{"start":{"line":17,"column":0},"end":{"line":17,"column":21}}},"fnMap":{},"branchMap":{},"s":{"0":2,"1":2,"2":2,"3":2,"4":2},"f":{},"b":{},"_coverageSchema":"43e27e138ebf9cfc5966b082cf9a028302ed4184","hash":"121016f591397666f48f69c503e4bf33fc396dcc"}
}
