TN:
SF:/Users/Sanne/web-dev-2019/item-collector/api/api.js
FN:29,(anonymous_0)
FN:55,(anonymous_1)
FN:61,(anonymous_2)
FNF:3
FNH:3
FNDA:10,(anonymous_0)
FNDA:1,(anonymous_1)
FNDA:1,(anonymous_2)
DA:3,1
DA:4,1
DA:5,1
DA:7,1
DA:8,1
DA:10,1
DA:11,1
DA:17,1
DA:18,0
DA:22,1
DA:24,1
DA:26,1
DA:29,1
DA:30,10
DA:31,2
DA:32,8
DA:39,1
DA:44,1
DA:49,1
DA:55,1
DA:56,1
DA:57,1
DA:58,1
DA:61,1
DA:62,1
DA:65,1
LF:26
LH:25
BRDA:17,0,0,0
BRDA:17,0,1,1
BRDA:30,1,0,2
BRDA:30,1,1,8
BRDA:62,2,0,1
BRDA:62,2,1,0
BRF:6
BRH:4
end_of_record
TN:
SF:/Users/Sanne/web-dev-2019/item-collector/api/controllers/items.js
FN:10,(anonymous_0)
FN:14,(anonymous_1)
FN:18,(anonymous_2)
FN:25,(anonymous_3)
FN:26,(anonymous_4)
FN:30,(anonymous_5)
FN:33,(anonymous_6)
FN:42,(anonymous_7)
FN:47,(anonymous_8)
FN:53,(anonymous_9)
FN:57,(anonymous_10)
FN:60,(anonymous_11)
FN:67,(anonymous_12)
FN:71,(anonymous_13)
FN:74,(anonymous_14)
FN:81,(anonymous_15)
FNF:16
FNH:12
FNDA:2,(anonymous_0)
FNDA:2,(anonymous_1)
FNDA:11,(anonymous_2)
FNDA:11,(anonymous_3)
FNDA:0,(anonymous_4)
FNDA:2,(anonymous_5)
FNDA:2,(anonymous_6)
FNDA:2,(anonymous_7)
FNDA:2,(anonymous_8)
FNDA:0,(anonymous_9)
FNDA:2,(anonymous_10)
FNDA:2,(anonymous_11)
FNDA:0,(anonymous_12)
FNDA:2,(anonymous_13)
FNDA:2,(anonymous_14)
FNDA:0,(anonymous_15)
DA:1,1
DA:3,1
DA:10,1
DA:12,2
DA:14,2
DA:18,1
DA:20,11
DA:24,11
DA:25,11
DA:26,0
DA:30,1
DA:32,2
DA:34,2
DA:35,1
DA:37,1
DA:42,1
DA:44,2
DA:48,2
DA:49,1
DA:51,1
DA:53,0
DA:57,1
DA:59,2
DA:61,2
DA:62,1
DA:65,1
DA:67,0
DA:71,1
DA:73,2
DA:75,2
DA:76,0
DA:79,2
DA:82,0
LF:33
LH:28
BRDA:34,0,0,1
BRDA:34,0,1,1
BRDA:48,1,0,1
BRDA:48,1,1,1
BRDA:61,2,0,1
BRDA:61,2,1,1
BRDA:75,3,0,0
BRDA:75,3,1,2
BRF:8
BRH:7
end_of_record
TN:
SF:/Users/Sanne/web-dev-2019/item-collector/api/controllers/validate.js
FN:12,validateResult
FNF:1
FNH:1
FNDA:18,validateResult
DA:1,1
DA:2,1
DA:4,1
DA:14,18
DA:16,18
DA:17,5
DA:20,13
LF:7
LH:7
BRDA:16,0,0,5
BRDA:16,0,1,13
BRF:2
BRH:2
end_of_record
TN:
SF:/Users/Sanne/web-dev-2019/item-collector/api/models/Item.js
FNF:0
FNH:0
DA:1,2
DA:2,2
DA:4,2
DA:16,2
DA:17,2
LF:5
LH:5
BRF:0
BRH:0
end_of_record
